<?xml version="1.0" encoding="UTF-8"?>
<!-- Generated by org.testng.reporters.JUnitReportReporter -->
<testsuite hostname="LAPTOP-5QOISNIK" failures="0" tests="3" name="dataDriven.excelDataProvider.dataProvide" time="0.015" errors="0" timestamp="2022-11-07T19:31:06 IST" skipped="0">
  <testcase classname="dataDriven.excelDataProvider.dataProvide" name="testCaseData" time="0.008"/>
  <system-out/>
  <testcase classname="dataDriven.excelDataProvider.dataProvide" name="testCaseData" time="0.005"/>
  <system-out/>
  <testcase classname="dataDriven.excelDataProvider.dataProvide" name="testCaseData" time="0.002"/>
  <system-out/>
</testsuite> <!-- dataDriven.excelDataProvider.dataProvide -->
